240.237189, 1         , It: 4000, Time: 240, covered: 767, reach_func: 46, reach_branch: 2210
245.817418, 2         , It: 4000, Time: 246, covered: 705, reach_func: 46, reach_branch: 2210
262.65794 , 3         , It: 4000, Time: 262, covered: 1031, reach_func: 54, reach_branch: 2264
266.362092, 4         , It: 4000, Time: 266, covered: 880, reach_func: 51, reach_branch: 2228
267.979814, 5         , It: 4000, Time: 268, covered: 844, reach_func: 51, reach_branch: 2246
275.419722, 6         , It: 4000, Time: 275, covered: 751, reach_func: 52, reach_branch: 2232
277.267556, 7         , It: 4000, Time: 277, covered: 711, reach_func: 48, reach_branch: 2200
277.551494, 8         , It: 4000, Time: 277, covered: 1079, reach_func: 54, reach_branch: 2264
298.833267, 9         , It: 4000, Time: 299, covered: 1069, reach_func: 53, reach_branch: 2262
305.610293, 10        , It: 4000, Time: 305, covered: 1078, reach_func: 54, reach_branch: 2264
473.912513, 11        , It: 4000, Time: 234, covered: 767, reach_func: 46, reach_branch: 2210
486.819161, 12        , It: 4000, Time: 241, covered: 705, reach_func: 46, reach_branch: 2210
516.194564, 13        , It: 4000, Time: 250, covered: 880, reach_func: 51, reach_branch: 2228
516.271279, 14        , It: 4000, Time: 254, covered: 1031, reach_func: 54, reach_branch: 2264
519.63331 , 15        , It: 4000, Time: 251, covered: 844, reach_func: 51, reach_branch: 2246
533.709884, 16        , It: 4000, Time: 258, covered: 751, reach_func: 52, reach_branch: 2232
540.45871 , 17        , It: 4000, Time: 263, covered: 1079, reach_func: 54, reach_branch: 2264
543.074709, 18        , It: 4000, Time: 266, covered: 711, reach_func: 48, reach_branch: 2200
574.46982 , 19        , It: 4000, Time: 275, covered: 1069, reach_func: 53, reach_branch: 2262
588.56606 , 20        , It: 4000, Time: 283, covered: 1078, reach_func: 54, reach_branch: 2264
703.507653, 21        , It: 4000, Time: 229, covered: 767, reach_func: 46, reach_branch: 2210
732.910723, 22        , It: 4000, Time: 246, covered: 705, reach_func: 46, reach_branch: 2210
769.52794 , 23        , It: 4000, Time: 253, covered: 1031, reach_func: 54, reach_branch: 2264
773.324383, 24        , It: 4000, Time: 257, covered: 880, reach_func: 51, reach_branch: 2228
776.239712, 25        , It: 4000, Time: 257, covered: 844, reach_func: 51, reach_branch: 2246
798.685339, 26        , It: 4000, Time: 264, covered: 751, reach_func: 52, reach_branch: 2232
806.708586, 27        , It: 4000, Time: 263, covered: 711, reach_func: 48, reach_branch: 2200
815.525603, 28        , It: 4000, Time: 275, covered: 1079, reach_func: 54, reach_branch: 2264
850.018175, 29        , It: 4000, Time: 276, covered: 1069, reach_func: 53, reach_branch: 2262
882.896977, 30        , It: 4000, Time: 295, covered: 1078, reach_func: 54, reach_branch: 2264
936.942486, 31        , It: 4000, Time: 234, covered: 767, reach_func: 46, reach_branch: 2210
978.418183, 32        , It: 4000, Time: 245, covered: 705, reach_func: 46, reach_branch: 2210
1025.388815, 33        , It: 4000, Time: 256, covered: 1031, reach_func: 54, reach_branch: 2264
1032.522429, 34        , It: 4000, Time: 259, covered: 880, reach_func: 51, reach_branch: 2228
1036.313021, 35        , It: 4000, Time: 260, covered: 844, reach_func: 51, reach_branch: 2246
1062.856701, 36        , It: 4000, Time: 264, covered: 751, reach_func: 52, reach_branch: 2232
1075.88875, 37        , It: 4000, Time: 269, covered: 711, reach_func: 48, reach_branch: 2200
1085.119253, 38        , It: 4000, Time: 270, covered: 1079, reach_func: 54, reach_branch: 2264
1136.47714, 39        , It: 4000, Time: 286, covered: 1069, reach_func: 53, reach_branch: 2262
1170.648582, 40        , It: 4000, Time: 233, covered: 767, reach_func: 46, reach_branch: 2210
1172.849949, 41        , It: 4000, Time: 290, covered: 1078, reach_func: 54, reach_branch: 2264
1224.086988, 42        , It: 4000, Time: 246, covered: 705, reach_func: 46, reach_branch: 2210
1283.866321, 43        , It: 4000, Time: 259, covered: 1031, reach_func: 54, reach_branch: 2264
1291.592327, 44        , It: 4000, Time: 255, covered: 844, reach_func: 51, reach_branch: 2246
1294.506652, 45        , It: 4000, Time: 262, covered: 880, reach_func: 51, reach_branch: 2228
1334.241226, 46        , It: 4000, Time: 271, covered: 751, reach_func: 52, reach_branch: 2232
1344.332818, 47        , It: 4000, Time: 268, covered: 711, reach_func: 48, reach_branch: 2200
1360.527568, 48        , It: 4000, Time: 275, covered: 1079, reach_func: 54, reach_branch: 2264
1407.718049, 49        , It: 4000, Time: 236, covered: 767, reach_func: 46, reach_branch: 2210
1415.549298, 50        , It: 4000, Time: 279, covered: 1069, reach_func: 53, reach_branch: 2262
1465.33187, 51        , It: 4000, Time: 292, covered: 1078, reach_func: 54, reach_branch: 2264
1471.460616, 52        , It: 4000, Time: 247, covered: 705, reach_func: 46, reach_branch: 2210
1544.935338, 53        , It: 4000, Time: 261, covered: 1031, reach_func: 54, reach_branch: 2264
1550.584581, 54        , It: 4000, Time: 256, covered: 880, reach_func: 51, reach_branch: 2228
1553.327963, 55        , It: 4000, Time: 262, covered: 844, reach_func: 51, reach_branch: 2246
1601.60896, 56        , It: 4000, Time: 267, covered: 751, reach_func: 52, reach_branch: 2232
1611.414407, 57        , It: 4000, Time: 267, covered: 711, reach_func: 48, reach_branch: 2200
1635.548968, 58        , It: 4000, Time: 275, covered: 1079, reach_func: 54, reach_branch: 2264
1640.311275, 59        , It: 4000, Time: 232, covered: 767, reach_func: 46, reach_branch: 2210
1695.600575, 60        , It: 4000, Time: 280, covered: 1069, reach_func: 53, reach_branch: 2262
1714.132562, 61        , It: 4000, Time: 243, covered: 705, reach_func: 46, reach_branch: 2210
1759.476754, 62        , It: 4000, Time: 294, covered: 1078, reach_func: 54, reach_branch: 2264
1804.826447, 63        , It: 4000, Time: 260, covered: 1031, reach_func: 54, reach_branch: 2264
1810.753684, 64        , It: 4000, Time: 260, covered: 880, reach_func: 51, reach_branch: 2228
1813.272578, 65        , It: 4000, Time: 260, covered: 844, reach_func: 51, reach_branch: 2246
1872.561301, 66        , It: 4000, Time: 271, covered: 751, reach_func: 52, reach_branch: 2232
1876.379309, 67        , It: 4000, Time: 236, covered: 767, reach_func: 46, reach_branch: 2210
1883.173351, 68        , It: 4000, Time: 272, covered: 711, reach_func: 48, reach_branch: 2200
1915.264166, 69        , It: 4000, Time: 280, covered: 1079, reach_func: 54, reach_branch: 2264
1962.042636, 70        , It: 4000, Time: 248, covered: 705, reach_func: 46, reach_branch: 2210
1975.188449, 71        , It: 4000, Time: 280, covered: 1069, reach_func: 53, reach_branch: 2262
2059.121351, 72        , It: 4000, Time: 300, covered: 1078, reach_func: 54, reach_branch: 2264
2064.984867, 73        , It: 4000, Time: 260, covered: 1031, reach_func: 54, reach_branch: 2264
2068.892282, 74        , It: 4000, Time: 258, covered: 880, reach_func: 51, reach_branch: 2228
2071.527699, 75        , It: 4000, Time: 258, covered: 844, reach_func: 51, reach_branch: 2246
2110.439966, 76        , It: 4000, Time: 234, covered: 767, reach_func: 46, reach_branch: 2210
2142.265714, 77        , It: 4000, Time: 270, covered: 751, reach_func: 52, reach_branch: 2232
2147.255762, 78        , It: 4000, Time: 264, covered: 711, reach_func: 48, reach_branch: 2200
2187.439253, 79        , It: 4000, Time: 272, covered: 1079, reach_func: 54, reach_branch: 2264
2206.090012, 80        , It: 4000, Time: 244, covered: 705, reach_func: 46, reach_branch: 2210
2250.698864, 81        , It: 4000, Time: 275, covered: 1069, reach_func: 53, reach_branch: 2262
2320.567069, 82        , It: 4000, Time: 255, covered: 1031, reach_func: 54, reach_branch: 2264
2323.408203, 83        , It: 4000, Time: 252, covered: 844, reach_func: 51, reach_branch: 2246
2327.323095, 84        , It: 4000, Time: 258, covered: 880, reach_func: 51, reach_branch: 2228
2338.206441, 85        , It: 4000, Time: 228, covered: 767, reach_func: 46, reach_branch: 2210
2358.109545, 86        , It: 4000, Time: 299, covered: 1078, reach_func: 54, reach_branch: 2264
2397.141273, 87        , It: 4000, Time: 255, covered: 751, reach_func: 52, reach_branch: 2232
2400.051683, 88        , It: 4000, Time: 253, covered: 711, reach_func: 48, reach_branch: 2200
2439.020121, 89        , It: 4000, Time: 233, covered: 705, reach_func: 46, reach_branch: 2210
2445.262458, 90        , It: 4000, Time: 258, covered: 1079, reach_func: 54, reach_branch: 2264
2496.157246, 91        , It: 4000, Time: 246, covered: 1069, reach_func: 53, reach_branch: 2262
2543.278109, 92        , It: 4000, Time: 223, covered: 1031, reach_func: 54, reach_branch: 2264
2544.167555, 93        , It: 4000, Time: 217, covered: 880, reach_func: 51, reach_branch: 2228
2545.08106, 94        , It: 4000, Time: 222, covered: 844, reach_func: 51, reach_branch: 2246
2574.407509, 95        , It: 4000, Time: 216, covered: 1078, reach_func: 54, reach_branch: 2264
2581.201995, 96        ,
2581.194292, 97        ,
