It: 1, Time: 0, covered: 428, reach_func: 37, reach_branch: 2008
It: 2, Time: 0, covered: 430, reach_func: 37, reach_branch: 2008
It: 3, Time: 0, covered: 431, reach_func: 37, reach_branch: 2008
It: 4, Time: 1, covered: 435, reach_func: 37, reach_branch: 2008
It: 5, Time: 1, covered: 435, reach_func: 37, reach_branch: 2008
It: 6, Time: 1, covered: 440, reach_func: 37, reach_branch: 2008
It: 7, Time: 1, covered: 450, reach_func: 37, reach_branch: 2008
It: 8, Time: 1, covered: 455, reach_func: 38, reach_branch: 2010
It: 9, Time: 1, covered: 462, reach_func: 38, reach_branch: 2010
It: 10, Time: 1, covered: 463, reach_func: 38, reach_branch: 2010
It: 11, Time: 1, covered: 464, reach_func: 38, reach_branch: 2010
It: 12, Time: 1, covered: 465, reach_func: 38, reach_branch: 2010
It: 13, Time: 1, covered: 466, reach_func: 38, reach_branch: 2010
It: 14, Time: 1, covered: 467, reach_func: 38, reach_branch: 2010
It: 15, Time: 2, covered: 468, reach_func: 38, reach_branch: 2010
It: 16, Time: 2, covered: 469, reach_func: 38, reach_branch: 2010
It: 17, Time: 2, covered: 470, reach_func: 38, reach_branch: 2010
It: 18, Time: 2, covered: 471, reach_func: 38, reach_branch: 2010
It: 19, Time: 2, covered: 471, reach_func: 38, reach_branch: 2010
It: 20, Time: 2, covered: 473, reach_func: 38, reach_branch: 2010
It: 21, Time: 3, covered: 475, reach_func: 38, reach_branch: 2010
It: 22, Time: 3, covered: 477, reach_func: 38, reach_branch: 2010
It: 23, Time: 3, covered: 479, reach_func: 38, reach_branch: 2010
It: 24, Time: 3, covered: 481, reach_func: 38, reach_branch: 2010
It: 25, Time: 3, covered: 483, reach_func: 38, reach_branch: 2010
It: 26, Time: 3, covered: 483, reach_func: 38, reach_branch: 2010
It: 27, Time: 3, covered: 483, reach_func: 38, reach_branch: 2010
It: 28, Time: 4, covered: 483, reach_func: 38, reach_branch: 2010
It: 29, Time: 4, covered: 483, reach_func: 38, reach_branch: 2010
It: 30, Time: 4, covered: 489, reach_func: 38, reach_branch: 2010
It: 31, Time: 4, covered: 489, reach_func: 38, reach_branch: 2010
It: 32, Time: 4, covered: 491, reach_func: 38, reach_branch: 2010
It: 33, Time: 4, covered: 518, reach_func: 38, reach_branch: 2010
It: 34, Time: 4, covered: 536, reach_func: 38, reach_branch: 2010
It: 35, Time: 4, covered: 539, reach_func: 38, reach_branch: 2010
It: 36, Time: 4, covered: 542, reach_func: 38, reach_branch: 2010
It: 37, Time: 4, covered: 550, reach_func: 39, reach_branch: 2026
It: 38, Time: 4, covered: 552, reach_func: 39, reach_branch: 2026
It: 39, Time: 4, covered: 554, reach_func: 39, reach_branch: 2026
It: 40, Time: 4, covered: 554, reach_func: 39, reach_branch: 2026
It: 41, Time: 5, covered: 555, reach_func: 39, reach_branch: 2026
It: 42, Time: 5, covered: 557, reach_func: 39, reach_branch: 2026
It: 43, Time: 5, covered: 557, reach_func: 39, reach_branch: 2026
It: 44, Time: 5, covered: 557, reach_func: 39, reach_branch: 2026
It: 45, Time: 5, covered: 560, reach_func: 39, reach_branch: 2026
It: 46, Time: 5, covered: 564, reach_func: 39, reach_branch: 2026
It: 47, Time: 5, covered: 564, reach_func: 39, reach_branch: 2026
It: 48, Time: 5, covered: 564, reach_func: 39, reach_branch: 2026
It: 49, Time: 5, covered: 574, reach_func: 40, reach_branch: 2048
It: 50, Time: 5, covered: 575, reach_func: 40, reach_branch: 2048
It: 51, Time: 5, covered: 575, reach_func: 40, reach_branch: 2048
It: 52, Time: 5, covered: 576, reach_func: 40, reach_branch: 2048
It: 53, Time: 5, covered: 576, reach_func: 40, reach_branch: 2048
It: 54, Time: 5, covered: 576, reach_func: 40, reach_branch: 2048
It: 55, Time: 5, covered: 576, reach_func: 40, reach_branch: 2048
It: 56, Time: 5, covered: 576, reach_func: 40, reach_branch: 2048
It: 57, Time: 5, covered: 579, reach_func: 40, reach_branch: 2048
It: 58, Time: 5, covered: 579, reach_func: 40, reach_branch: 2048
It: 59, Time: 5, covered: 579, reach_func: 40, reach_branch: 2048
It: 60, Time: 5, covered: 579, reach_func: 40, reach_branch: 2048
It: 61, Time: 5, covered: 580, reach_func: 40, reach_branch: 2048
It: 62, Time: 5, covered: 580, reach_func: 40, reach_branch: 2048
It: 63, Time: 5, covered: 580, reach_func: 40, reach_branch: 2048
It: 64, Time: 5, covered: 580, reach_func: 40, reach_branch: 2048
It: 65, Time: 5, covered: 580, reach_func: 40, reach_branch: 2048
It: 66, Time: 5, covered: 580, reach_func: 40, reach_branch: 2048
It: 67, Time: 5, covered: 580, reach_func: 40, reach_branch: 2048
It: 68, Time: 5, covered: 580, reach_func: 40, reach_branch: 2048
It: 69, Time: 5, covered: 580, reach_func: 40, reach_branch: 2048
It: 70, Time: 5, covered: 580, reach_func: 40, reach_branch: 2048
It: 71, Time: 5, covered: 580, reach_func: 40, reach_branch: 2048
It: 72, Time: 5, covered: 580, reach_func: 40, reach_branch: 2048
It: 73, Time: 5, covered: 580, reach_func: 40, reach_branch: 2048
It: 74, Time: 5, covered: 682, reach_func: 47, reach_branch: 2232
It: 75, Time: 6, covered: 682, reach_func: 47, reach_branch: 2232
It: 76, Time: 6, covered: 682, reach_func: 47, reach_branch: 2232
It: 77, Time: 6, covered: 682, reach_func: 47, reach_branch: 2232
It: 78, Time: 7, covered: 682, reach_func: 47, reach_branch: 2232
It: 79, Time: 7, covered: 682, reach_func: 47, reach_branch: 2232
